2026-01-07 14:32:42,246 - INFO - START TEST: GET /users API
2026-01-07 14:32:42,568 - INFO - Status Code PASS
2026-01-07 14:32:42,569 - INFO - Response Time PASS: 0.32s
2026-01-07 14:32:42,569 - INFO - Mandatory Fields PASS
2026-01-07 14:32:42,569 - INFO - END TEST: GET /users API
2026-01-07 14:33:16,606 - INFO - START TEST: DATA QUALITY
2026-01-07 14:33:48,496 - INFO - START TEST: DATA QUALITY
2026-01-07 14:33:48,500 - INFO - NULL CHECK PASS
2026-01-07 14:33:48,500 - INFO - DUPLICATE CHECK PASS
2026-01-07 14:33:48,500 - INFO - EMAIL FORMAT PASS
2026-01-07 14:33:48,500 - INFO - ROW COUNT PASS: 10 records
2026-01-07 14:33:48,501 - INFO - END TEST: DATA QUALITY
2026-01-07 14:33:54,629 - INFO - START TEST: GET /users API
2026-01-07 14:33:54,873 - INFO - Status Code PASS
2026-01-07 14:33:54,873 - INFO - Response Time PASS: 0.24s
2026-01-07 14:33:54,874 - INFO - Mandatory Fields PASS
2026-01-07 14:33:54,875 - INFO - END TEST: GET /users API
2026-01-07 14:33:58,700 - INFO - START TEST: DATA QUALITY
2026-01-07 14:33:58,703 - INFO - NULL CHECK PASS
2026-01-07 14:33:58,704 - INFO - DUPLICATE CHECK PASS
2026-01-07 14:33:58,704 - INFO - EMAIL FORMAT PASS
2026-01-07 14:33:58,704 - INFO - ROW COUNT PASS: 10 records
2026-01-07 14:33:58,704 - INFO - END TEST: DATA QUALITY
2026-01-07 14:36:36,094 - INFO - START TEST: GET /users API
2026-01-07 14:36:36,406 - INFO - Status Code PASS
2026-01-07 14:36:36,407 - INFO - Response Time PASS: 0.31s
2026-01-07 14:36:36,408 - INFO - Mandatory Fields PASS
2026-01-07 14:36:36,408 - INFO - END TEST: GET /users API
2026-01-07 14:36:39,774 - INFO - START TEST: DATA QUALITY
2026-01-07 14:36:39,777 - INFO - NULL CHECK PASS
2026-01-07 14:36:39,778 - INFO - DUPLICATE CHECK PASS
2026-01-07 14:36:39,778 - INFO - EMAIL FORMAT PASS
2026-01-07 14:36:39,778 - INFO - ROW COUNT PASS: 10 records
2026-01-07 14:36:39,778 - INFO - END TEST: DATA QUALITY
